app/build/intermediates/manifest_merge_blame_file/debug/manifest-merger-blame-debug-report.txt
1<?xml version="1.0" encoding="utf-8"?>
2<manifest xmlns:android="http://schemas.android.com/apk/res/android"
3    package="com.efaso.admobadvancednativerecyclerview"
4    android:versionCode="1"
5    android:versionName="1.0" >
6
7    <uses-sdk
8        android:minSdkVersion="16"
8-->src\main\AndroidManifest.xml
9        android:targetSdkVersion="30" />
9-->src\main\AndroidManifest.xml
10
11    <uses-permission android:name="android.permission.INTERNET" />
11-->[:nativetemplates] AndroidManifest.xml:11:5-67
11-->[:nativetemplates] AndroidManifest.xml:11:22-64
12    <uses-permission android:name="android.permission.ACCESS_NETWORK_STATE" /> <!-- Android package visibility setting -->
12-->[com.google.android.gms:play-services-ads-lite:19.7.0] AndroidManifest.xml:24:5-79
12-->[com.google.android.gms:play-services-ads-lite:19.7.0] AndroidManifest.xml:24:22-76
13    <queries>
13-->[com.google.android.gms:play-services-ads-lite:19.7.0] AndroidManifest.xml:27:5-43:15
14
15        <!-- For browser content -->
16        <intent>
16-->[com.google.android.gms:play-services-ads-lite:19.7.0] AndroidManifest.xml:30:9-36:18
17            <action android:name="android.intent.action.VIEW" />
17-->[com.google.android.gms:play-services-ads-lite:19.7.0] AndroidManifest.xml:31:13-65
17-->[com.google.android.gms:play-services-ads-lite:19.7.0] AndroidManifest.xml:31:21-62
18
19            <category android:name="android.intent.category.BROWSABLE" />
19-->[com.google.android.gms:play-services-ads-lite:19.7.0] AndroidManifest.xml:33:13-74
19-->[com.google.android.gms:play-services-ads-lite:19.7.0] AndroidManifest.xml:33:23-71
20
21            <data android:scheme="https" />
21-->[com.google.android.gms:play-services-ads-lite:19.7.0] AndroidManifest.xml:35:13-44
21-->[com.google.android.gms:play-services-ads-lite:19.7.0] AndroidManifest.xml:35:19-41
22        </intent>
23        <!-- End of browser content -->
24        <!-- For CustomTabsService -->
25        <intent>
25-->[com.google.android.gms:play-services-ads-lite:19.7.0] AndroidManifest.xml:39:9-41:18
26            <action android:name="android.support.customtabs.action.CustomTabsService" />
26-->[com.google.android.gms:play-services-ads-lite:19.7.0] AndroidManifest.xml:40:13-90
26-->[com.google.android.gms:play-services-ads-lite:19.7.0] AndroidManifest.xml:40:21-87
27        </intent>
28        <!-- End of CustomTabsService -->
29    </queries>
30
31    <uses-permission android:name="android.permission.WAKE_LOCK" />
31-->[com.google.android.gms:play-services-measurement-sdk-api:17.5.0] AndroidManifest.xml:25:5-68
31-->[com.google.android.gms:play-services-measurement-sdk-api:17.5.0] AndroidManifest.xml:25:22-65
32    <uses-permission android:name="android.permission.RECEIVE_BOOT_COMPLETED" />
32-->[androidx.work:work-runtime:2.1.0] AndroidManifest.xml:27:5-81
32-->[androidx.work:work-runtime:2.1.0] AndroidManifest.xml:27:22-78
33
34    <application
34-->src\main\AndroidManifest.xml:5:5-26:19
35        android:allowBackup="true"
35-->src\main\AndroidManifest.xml:6:9-35
36        android:appComponentFactory="androidx.core.app.CoreComponentFactory"
36-->[androidx.core:core:1.3.1] AndroidManifest.xml:24:18-86
37        android:debuggable="true"
38        android:icon="@mipmap/ic_launcher"
38-->src\main\AndroidManifest.xml:7:9-43
39        android:label="@string/app_name"
39-->src\main\AndroidManifest.xml:8:9-41
40        android:roundIcon="@mipmap/ic_launcher_round"
40-->src\main\AndroidManifest.xml:9:9-54
41        android:supportsRtl="true"
41-->src\main\AndroidManifest.xml:10:9-35
42        android:testOnly="true"
43        android:theme="@style/AppTheme" >
43-->src\main\AndroidManifest.xml:11:9-40
44        <activity android:name="www.technovimal.in.nativerecyclerview.MainActivity" >
44-->src\main\AndroidManifest.xml:13:9-19:20
44-->src\main\AndroidManifest.xml:13:19-47
45            <intent-filter>
45-->src\main\AndroidManifest.xml:14:13-18:29
46                <action android:name="android.intent.action.MAIN" />
46-->src\main\AndroidManifest.xml:15:17-69
46-->src\main\AndroidManifest.xml:15:25-66
47
48                <category android:name="android.intent.category.LAUNCHER" />
48-->src\main\AndroidManifest.xml:17:17-77
48-->src\main\AndroidManifest.xml:17:27-74
49            </intent-filter>
50        </activity>
51
52        <!-- Sample AdMob App ID: ca-app-pub-3940256099942544~3347511713 -->
53        <meta-data
53-->src\main\AndroidManifest.xml:22:9-24:69
54            android:name="com.google.android.gms.ads.APPLICATION_ID"
54-->src\main\AndroidManifest.xml:23:13-69
55            android:value="ca-app-pub-3940256099942544~3347511713" />
55-->src\main\AndroidManifest.xml:24:13-67
56
57        <!-- Include the AdActivity and InAppPurchaseActivity configChanges and themes. -->
58        <activity
58-->[com.google.android.gms:play-services-ads-lite:19.7.0] AndroidManifest.xml:48:9-52:64
59            android:name="com.google.android.gms.ads.AdActivity"
59-->[com.google.android.gms:play-services-ads-lite:19.7.0] AndroidManifest.xml:49:13-65
60            android:configChanges="keyboard|keyboardHidden|orientation|screenLayout|uiMode|screenSize|smallestScreenSize"
60-->[com.google.android.gms:play-services-ads-lite:19.7.0] AndroidManifest.xml:50:13-122
61            android:exported="false"
61-->[com.google.android.gms:play-services-ads-lite:19.7.0] AndroidManifest.xml:51:13-37
62            android:theme="@android:style/Theme.Translucent" />
62-->[com.google.android.gms:play-services-ads-lite:19.7.0] AndroidManifest.xml:52:13-61
63
64        <provider
64-->[com.google.android.gms:play-services-ads-lite:19.7.0] AndroidManifest.xml:54:9-58:39
65            android:name="com.google.android.gms.ads.MobileAdsInitProvider"
65-->[com.google.android.gms:play-services-ads-lite:19.7.0] AndroidManifest.xml:55:13-76
66            android:authorities="com.efaso.admobadvancednativerecyclerview.mobileadsinitprovider"
66-->[com.google.android.gms:play-services-ads-lite:19.7.0] AndroidManifest.xml:56:13-73
67            android:exported="false"
67-->[com.google.android.gms:play-services-ads-lite:19.7.0] AndroidManifest.xml:57:13-37
68            android:initOrder="100" />
68-->[com.google.android.gms:play-services-ads-lite:19.7.0] AndroidManifest.xml:58:13-36
69
70        <service
70-->[com.google.android.gms:play-services-ads-lite:19.7.0] AndroidManifest.xml:60:9-63:40
71            android:name="com.google.android.gms.ads.AdService"
71-->[com.google.android.gms:play-services-ads-lite:19.7.0] AndroidManifest.xml:61:13-64
72            android:enabled="true"
72-->[com.google.android.gms:play-services-ads-lite:19.7.0] AndroidManifest.xml:62:13-35
73            android:exported="false" />
73-->[com.google.android.gms:play-services-ads-lite:19.7.0] AndroidManifest.xml:63:13-37
74
75        <meta-data
75-->[com.google.android.gms:play-services-basement:17.3.0] AndroidManifest.xml:23:9-25:69
76            android:name="com.google.android.gms.version"
76-->[com.google.android.gms:play-services-basement:17.3.0] AndroidManifest.xml:24:13-58
77            android:value="@integer/google_play_services_version" />
77-->[com.google.android.gms:play-services-basement:17.3.0] AndroidManifest.xml:25:13-66
78
79        <provider
79-->[androidx.work:work-runtime:2.1.0] AndroidManifest.xml:30:9-36:35
80            android:name="androidx.work.impl.WorkManagerInitializer"
80-->[androidx.work:work-runtime:2.1.0] AndroidManifest.xml:31:13-69
81            android:authorities="com.efaso.admobadvancednativerecyclerview.workmanager-init"
81-->[androidx.work:work-runtime:2.1.0] AndroidManifest.xml:32:13-68
82            android:directBootAware="false"
82-->[androidx.work:work-runtime:2.1.0] AndroidManifest.xml:33:13-44
83            android:exported="false"
83-->[androidx.work:work-runtime:2.1.0] AndroidManifest.xml:34:13-37
84            android:multiprocess="true" />
84-->[androidx.work:work-runtime:2.1.0] AndroidManifest.xml:35:13-40
85
86        <service
86-->[androidx.work:work-runtime:2.1.0] AndroidManifest.xml:38:9-43:35
87            android:name="androidx.work.impl.background.systemalarm.SystemAlarmService"
87-->[androidx.work:work-runtime:2.1.0] AndroidManifest.xml:39:13-88
88            android:directBootAware="false"
88-->[androidx.work:work-runtime:2.1.0] AndroidManifest.xml:40:13-44
89            android:enabled="@bool/enable_system_alarm_service_default"
89-->[androidx.work:work-runtime:2.1.0] AndroidManifest.xml:41:13-72
90            android:exported="false" />
90-->[androidx.work:work-runtime:2.1.0] AndroidManifest.xml:42:13-37
91        <service
91-->[androidx.work:work-runtime:2.1.0] AndroidManifest.xml:44:9-50:35
92            android:name="androidx.work.impl.background.systemjob.SystemJobService"
92-->[androidx.work:work-runtime:2.1.0] AndroidManifest.xml:45:13-84
93            android:directBootAware="false"
93-->[androidx.work:work-runtime:2.1.0] AndroidManifest.xml:46:13-44
94            android:enabled="@bool/enable_system_job_service_default"
94-->[androidx.work:work-runtime:2.1.0] AndroidManifest.xml:47:13-70
95            android:exported="true"
95-->[androidx.work:work-runtime:2.1.0] AndroidManifest.xml:48:13-36
96            android:permission="android.permission.BIND_JOB_SERVICE" />
96-->[androidx.work:work-runtime:2.1.0] AndroidManifest.xml:49:13-69
97
98        <receiver
98-->[androidx.work:work-runtime:2.1.0] AndroidManifest.xml:52:9-57:35
99            android:name="androidx.work.impl.utils.ForceStopRunnable$BroadcastReceiver"
99-->[androidx.work:work-runtime:2.1.0] AndroidManifest.xml:53:13-88
100            android:directBootAware="false"
100-->[androidx.work:work-runtime:2.1.0] AndroidManifest.xml:54:13-44
101            android:enabled="true"
101-->[androidx.work:work-runtime:2.1.0] AndroidManifest.xml:55:13-35
102            android:exported="false" />
102-->[androidx.work:work-runtime:2.1.0] AndroidManifest.xml:56:13-37
103        <receiver
103-->[androidx.work:work-runtime:2.1.0] AndroidManifest.xml:58:9-68:20
104            android:name="androidx.work.impl.background.systemalarm.ConstraintProxy$BatteryChargingProxy"
104-->[androidx.work:work-runtime:2.1.0] AndroidManifest.xml:59:13-106
105            android:directBootAware="false"
105-->[androidx.work:work-runtime:2.1.0] AndroidManifest.xml:60:13-44
106            android:enabled="false"
106-->[androidx.work:work-runtime:2.1.0] AndroidManifest.xml:61:13-36
107            android:exported="false" >
107-->[androidx.work:work-runtime:2.1.0] AndroidManifest.xml:62:13-37
108            <intent-filter>
108-->[androidx.work:work-runtime:2.1.0] AndroidManifest.xml:64:13-67:29
109                <action android:name="android.intent.action.ACTION_POWER_CONNECTED" />
109-->[androidx.work:work-runtime:2.1.0] AndroidManifest.xml:65:17-87
109-->[androidx.work:work-runtime:2.1.0] AndroidManifest.xml:65:25-84
110                <action android:name="android.intent.action.ACTION_POWER_DISCONNECTED" />
110-->[androidx.work:work-runtime:2.1.0] AndroidManifest.xml:66:17-90
110-->[androidx.work:work-runtime:2.1.0] AndroidManifest.xml:66:25-87
111            </intent-filter>
112        </receiver>
113        <receiver
113-->[androidx.work:work-runtime:2.1.0] AndroidManifest.xml:69:9-79:20
114            android:name="androidx.work.impl.background.systemalarm.ConstraintProxy$BatteryNotLowProxy"
114-->[androidx.work:work-runtime:2.1.0] AndroidManifest.xml:70:13-104
115            android:directBootAware="false"
115-->[androidx.work:work-runtime:2.1.0] AndroidManifest.xml:71:13-44
116            android:enabled="false"
116-->[androidx.work:work-runtime:2.1.0] AndroidManifest.xml:72:13-36
117            android:exported="false" >
117-->[androidx.work:work-runtime:2.1.0] AndroidManifest.xml:73:13-37
118            <intent-filter>
118-->[androidx.work:work-runtime:2.1.0] AndroidManifest.xml:75:13-78:29
119                <action android:name="android.intent.action.BATTERY_OKAY" />
119-->[androidx.work:work-runtime:2.1.0] AndroidManifest.xml:76:17-77
119-->[androidx.work:work-runtime:2.1.0] AndroidManifest.xml:76:25-74
120                <action android:name="android.intent.action.BATTERY_LOW" />
120-->[androidx.work:work-runtime:2.1.0] AndroidManifest.xml:77:17-76
120-->[androidx.work:work-runtime:2.1.0] AndroidManifest.xml:77:25-73
121            </intent-filter>
122        </receiver>
123        <receiver
123-->[androidx.work:work-runtime:2.1.0] AndroidManifest.xml:80:9-90:20
124            android:name="androidx.work.impl.background.systemalarm.ConstraintProxy$StorageNotLowProxy"
124-->[androidx.work:work-runtime:2.1.0] AndroidManifest.xml:81:13-104
125            android:directBootAware="false"
125-->[androidx.work:work-runtime:2.1.0] AndroidManifest.xml:82:13-44
126            android:enabled="false"
126-->[androidx.work:work-runtime:2.1.0] AndroidManifest.xml:83:13-36
127            android:exported="false" >
127-->[androidx.work:work-runtime:2.1.0] AndroidManifest.xml:84:13-37
128            <intent-filter>
128-->[androidx.work:work-runtime:2.1.0] AndroidManifest.xml:86:13-89:29
129                <action android:name="android.intent.action.DEVICE_STORAGE_LOW" />
129-->[androidx.work:work-runtime:2.1.0] AndroidManifest.xml:87:17-83
129-->[androidx.work:work-runtime:2.1.0] AndroidManifest.xml:87:25-80
130                <action android:name="android.intent.action.DEVICE_STORAGE_OK" />
130-->[androidx.work:work-runtime:2.1.0] AndroidManifest.xml:88:17-82
130-->[androidx.work:work-runtime:2.1.0] AndroidManifest.xml:88:25-79
131            </intent-filter>
132        </receiver>
133        <receiver
133-->[androidx.work:work-runtime:2.1.0] AndroidManifest.xml:91:9-100:20
134            android:name="androidx.work.impl.background.systemalarm.ConstraintProxy$NetworkStateProxy"
134-->[androidx.work:work-runtime:2.1.0] AndroidManifest.xml:92:13-103
135            android:directBootAware="false"
135-->[androidx.work:work-runtime:2.1.0] AndroidManifest.xml:93:13-44
136            android:enabled="false"
136-->[androidx.work:work-runtime:2.1.0] AndroidManifest.xml:94:13-36
137            android:exported="false" >
137-->[androidx.work:work-runtime:2.1.0] AndroidManifest.xml:95:13-37
138            <intent-filter>
138-->[androidx.work:work-runtime:2.1.0] AndroidManifest.xml:97:13-99:29
139                <action android:name="android.net.conn.CONNECTIVITY_CHANGE" />
139-->[androidx.work:work-runtime:2.1.0] AndroidManifest.xml:98:17-79
139-->[androidx.work:work-runtime:2.1.0] AndroidManifest.xml:98:25-76
140            </intent-filter>
141        </receiver>
142        <receiver
142-->[androidx.work:work-runtime:2.1.0] AndroidManifest.xml:101:9-112:20
143            android:name="androidx.work.impl.background.systemalarm.RescheduleReceiver"
143-->[androidx.work:work-runtime:2.1.0] AndroidManifest.xml:102:13-88
144            android:directBootAware="false"
144-->[androidx.work:work-runtime:2.1.0] AndroidManifest.xml:103:13-44
145            android:enabled="false"
145-->[androidx.work:work-runtime:2.1.0] AndroidManifest.xml:104:13-36
146            android:exported="false" >
146-->[androidx.work:work-runtime:2.1.0] AndroidManifest.xml:105:13-37
147            <intent-filter>
147-->[androidx.work:work-runtime:2.1.0] AndroidManifest.xml:107:13-111:29
148                <action android:name="android.intent.action.BOOT_COMPLETED" />
148-->[androidx.work:work-runtime:2.1.0] AndroidManifest.xml:108:17-79
148-->[androidx.work:work-runtime:2.1.0] AndroidManifest.xml:108:25-76
149                <action android:name="android.intent.action.TIME_SET" />
149-->[androidx.work:work-runtime:2.1.0] AndroidManifest.xml:109:17-73
149-->[androidx.work:work-runtime:2.1.0] AndroidManifest.xml:109:25-70
150                <action android:name="android.intent.action.TIMEZONE_CHANGED" />
150-->[androidx.work:work-runtime:2.1.0] AndroidManifest.xml:110:17-81
150-->[androidx.work:work-runtime:2.1.0] AndroidManifest.xml:110:25-78
151            </intent-filter>
152        </receiver>
153        <receiver
153-->[androidx.work:work-runtime:2.1.0] AndroidManifest.xml:113:9-122:20
154            android:name="androidx.work.impl.background.systemalarm.ConstraintProxyUpdateReceiver"
154-->[androidx.work:work-runtime:2.1.0] AndroidManifest.xml:114:13-99
155            android:directBootAware="false"
155-->[androidx.work:work-runtime:2.1.0] AndroidManifest.xml:115:13-44
156            android:enabled="@bool/enable_system_alarm_service_default"
156-->[androidx.work:work-runtime:2.1.0] AndroidManifest.xml:116:13-72
157            android:exported="false" >
157-->[androidx.work:work-runtime:2.1.0] AndroidManifest.xml:117:13-37
158            <intent-filter>
158-->[androidx.work:work-runtime:2.1.0] AndroidManifest.xml:119:13-121:29
159                <action android:name="androidx.work.impl.background.systemalarm.UpdateProxies" />
159-->[androidx.work:work-runtime:2.1.0] AndroidManifest.xml:120:17-98
159-->[androidx.work:work-runtime:2.1.0] AndroidManifest.xml:120:25-95
160            </intent-filter>
161        </receiver>
162
163        <service
163-->[androidx.room:room-runtime:2.1.0] AndroidManifest.xml:25:9-27:40
164            android:name="androidx.room.MultiInstanceInvalidationService"
164-->[androidx.room:room-runtime:2.1.0] AndroidManifest.xml:26:13-74
165            android:exported="false" />
165-->[androidx.room:room-runtime:2.1.0] AndroidManifest.xml:27:13-37
166    </application>
167
168</manifest>